[121885][1682864397645][main][info]["Booting Postman 10.13.0, linux-6.2.13-arch1-1 on x64"]
[121885][1682864397652][main][info]["EventBus~initialize - Success"]
[121885][1682864397656][main][info]["Proxy configuration has not been setup"]
[121885][1682864397657][main][info]["CloudProxyManager~init - Success"]
[121885][1682864397662][main][info]["performShellDataMigration: Starting shell data migration"]
[121885][1682864397663][main][info]["migrateShellData:Starting"]
[121885][1682864397684][main][info]["migrateShellData: Old storage cleaned up"]
[121885][1682864398479][main][info]["migrateShellData: Got data from shell. Writing to storage"]
[121885][1682864398499][main][info]["performShellDataMigration: Migration successful on try count 1"]
[121885][1682864398509][main][info]["UpdateHandler~init - Success"]
[121885][1682864398513][main][info]["LeaderSelection: Initialized successfully"]
[121885][1682864398514][main][info]["VersionDependencyService: Initialized successfully"]
[121885][1682864398533][main][info]["Generated root certificate for linux"]
[121885][1682864398537][main][info]["LinuxAutoUpdater~Cleanup - Initial cleanup successful"]
[121885][1682864398558][main][info]["GPU detected VID 4098 DID 26223 ACTIVE true"]
[121885][1682864398558][main][info]["GPU detected VID 32902 DID 2582 ACTIVE false"]
[121885][1682864398612][main][info]["shellController~init: Success"]
[121885][1682864398641][main][info]["shellMeta~init: Success"]
[121885][1682864398642][main][info]["partitionMigrationService: State of V7 partition:"]
[121885][1682864398642][main][info]["partitionMigrationService: V7 partitions",[]]
[121885][1682864398643][main][info]["partitionMigrationService~rectifyNamespaceOfScratchPadPartition: There is no partition with scratchpad namespace"]
[121885][1682864398644][main][info]["partitionMigrationService~rectifyNamespaceOfScratchPadPartition: There is no transit partition which could have been used for scratchpad"]
[121885][1682864398644][main][info]["partitionMigrationService~init: Success"]
[121885][1682864398661][main][info]["partitionMigrationService~runV8PartitionsIntegrity: Two way migration~ removing the following partitions from v8",[]]
[121885][1682864398674][main][info]["userPartitionService~_rectifyTheActivePartitionOfApplication: Setting the active partition to ",null]
[121885][1682864398702][main][info]["userPartitionService~init: Success"]
[121885][1682864398737][main][info]["userPartitionService: State of v8 partition system:"]
[121885][1682864398742][main][info]["shell~init~getPartitionToLoad: loading scratchpad partition"]
[121885][1682864398746][main][info]["userPartitionService: List of partitions:",[]]
[121885][1682864398747][main][info]["userPartitionService: users global meta:",{}]
[121885][1682864402132][main][info]["RuntimeIPCAgent~started: Success"]
[121885][1682864403578][main][info]["UpdateHandler~app-update-events - Received event",{"name":"checkForElectronVersionUpdated","namespace":"appUpdate"}]
[121885][1682864403625][main][info]["windowManager: First requester booted successfully."]
[121885][1682864403627][main][info]["windowManager~restoreWindows: Restoring requester windows"]
[121885][1682864403628][main][info]["Main~AppEvents - Received booted event for process requester.Version undefined UI Version: undefined Desktop Platform Version: 10.13.0"]
[121885][1682864406177][main][info]["VersionDependencyService: Resetting UI version as user logged out/switched account"]
[121885][1682864406177][main][info]["Main - model-events~user - (users, add) received"]
[121885][1682864407337][main][warn]["AuthHandler~open: Current app is not default protocol client - Falling back to polling mechanism."]
[121885][1682864424200][main][info]["userPartitionService: State of v8 partition system:"]
[121885][1682864424228][main][info]["shell~init~getPartitionToLoad: loading scratchpad partition"]
[121885][1682864424234][main][info]["userPartitionService: List of partitions:",[{"partitionId":"745cc06d-65fc-4d3b-bff7-105dcbf4de42","namespace":"scratchPad","userId":0,"teamId":0,"isDirty":false}]]
[121885][1682864424235][main][info]["userPartitionService: users global meta:",{}]
[121885][1682864427331][main][info]["UpdateHandler~app-update-events - Received event",{"name":"checkForElectronVersionUpdated","namespace":"appUpdate"}]
[121885][1682864427365][main][info]["windowManager: First requester booted successfully."]
[121885][1682864427366][main][info]["windowManager~restoreWindows: Restoring requester windows"]
[121885][1682864427368][main][info]["Main~AppEvents - Received booted event for process requester.Version undefined UI Version: undefined Desktop Platform Version: 10.13.0"]
[121885][1682864429883][main][info]["VersionDependencyService: Resetting UI version as user logged out/switched account"]
[121885][1682864429884][main][info]["Main - model-events~user - (users, add) received"]
[121885][1682864430837][main][warn]["AuthHandler~open: Current app is not default protocol client - Falling back to polling mechanism."]
[121885][1682864467689][main][info]["Shell~init~loginUser: associating the user ","9483444"," with transit partition"]
[121885][1682864467728][main][info]["userPartitionService~associateTransitPartition: ",{"partitionId":"e58ef2d1-049c-4143-98b7-1efd77d84acb","context":{"namespace":"users","userId":"9483444","teamId":"0"}}]
[121885][1682864467757][main][info]["userPartitionService: State of v8 partition system:"]
[121885][1682864467767][main][info]["userPartitionService: List of partitions:",[{"partitionId":"e58ef2d1-049c-4143-98b7-1efd77d84acb","namespace":"users","userId":"9483444","teamId":"0","lastUpdated":"2023-04-30T14:21:07.728Z"},{"partitionId":"745cc06d-65fc-4d3b-bff7-105dcbf4de42","namespace":"scratchPad","userId":0,"teamId":0,"isDirty":false}]]
[121885][1682864467769][main][info]["userPartitionService: users global meta:",{}]
[121885][1682864474738][main][info]["UpdateHandler~app-update-events - Received event",{"name":"checkForElectronVersionUpdated","namespace":"appUpdate"}]
[121885][1682864474757][main][info]["windowManager: First requester booted successfully."]
[121885][1682864474757][main][info]["windowManager~restoreWindows: Restoring requester windows"]
[121885][1682864474758][main][info]["Main~AppEvents - Received booted event for process requester.Version 10.13.5 UI Version: 10.13.5-ui-230424-1413 Desktop Platform Version: 10.13.0"]
[121885][1682864475123][main][info]["Main - model-events~user - (user, update) received"]
[121885][1682864475126][main][info]["Main~reload: https://desktop.postman.com/?desktopVersion=10.13.0&userId=9483444&teamId=0"]
[121885][1682864479880][main][info]["UpdateHandler~app-update-events - Received event",{"name":"checkForElectronVersionUpdated","namespace":"appUpdate"}]
[121885][1682864479893][main][info]["Main~AppEvents - Received booted event for process requester.Version 10.13.5 UI Version: 10.13.5-ui-230424-1413 Desktop Platform Version: 10.13.0"]
[121885][1682864480670][main][info]["Main - model-events~user - (user, update) received"]
[121885][1682864481072][main][info]["Main - model-events~user - (user, bootstrapUser) received"]
[121885][1682864481073][main][info]["model-events~user - bootstrapUser received"]
[121885][1682864481123][main][info]["userPartitionService~associateTransitPartition: ",{"partitionId":"e58ef2d1-049c-4143-98b7-1efd77d84acb","context":{"namespace":"users","userId":"9483444","teamId":"0"}}]
[121885][1682864481234][main][info]["userPartitionService: State of v8 partition system:"]
[121885][1682864481276][main][info]["userPartitionService: List of partitions:",[{"partitionId":"e58ef2d1-049c-4143-98b7-1efd77d84acb","namespace":"users","userId":"9483444","teamId":"0","lastUpdated":"2023-04-30T14:21:21.123Z"},{"partitionId":"745cc06d-65fc-4d3b-bff7-105dcbf4de42","namespace":"scratchPad","userId":0,"teamId":0,"isDirty":false}]]
[121885][1682864481278][main][info]["userPartitionService: users global meta:",{}]
[121885][1682864481502][main][info]["Main - model-events~user - (user, bootstrapUser) received"]
[121885][1682864481503][main][info]["model-events~user - bootstrapUser received"]
[121885][1682864481610][main][info]["userPartitionService~associateTransitPartition: ",{"partitionId":"e58ef2d1-049c-4143-98b7-1efd77d84acb","context":{"namespace":"users","userId":"9483444","teamId":"0"}}]
[121885][1682864481786][main][info]["userPartitionService: State of v8 partition system:"]
[121885][1682864481838][main][info]["userPartitionService: List of partitions:",[{"partitionId":"e58ef2d1-049c-4143-98b7-1efd77d84acb","namespace":"users","userId":"9483444","teamId":"0","lastUpdated":"2023-04-30T14:21:21.610Z"},{"partitionId":"745cc06d-65fc-4d3b-bff7-105dcbf4de42","namespace":"scratchPad","userId":0,"teamId":0,"isDirty":false}]]
[121885][1682864481847][main][info]["userPartitionService: users global meta:",{}]
[121885][1682864484694][main][info]["Main~getPlatformLaunchPerfMetrics"]
[121885][1682873193083][main][info]["Quitting app"]
